<?xml version="1.0" encoding="UTF-8"?>
<!-- Generated by org.testng.reporters.JUnitReportReporter -->
<testsuite hostname="FIS-497" failures="0" tests="3" name="tests.PutPatchDeleteExamples" time="13.306" errors="0" timestamp="2023-08-06T16:35:40 EET" skipped="0">
  <testcase classname="tests.PutPatchDeleteExamples" name="testDelete" time="12.598"/>
  <system-out/>
  <testcase classname="tests.PutPatchDeleteExamples" name="testPatch" time="0.377"/>
  <system-out/>
  <testcase classname="tests.PutPatchDeleteExamples" name="testPut" time="0.331"/>
  <system-out/>
</testsuite> <!-- tests.PutPatchDeleteExamples -->
