<?xml version="1.0" encoding="UTF-8"?>
<!-- Generated by org.testng.reporters.JUnitReportReporter -->
<testsuite hostname="FIS-497" failures="0" tests="1" name="tests.SoapXMLRequest" time="7.525" errors="0" timestamp="2023-08-08T08:47:22 EET" skipped="0">
  <testcase classname="tests.SoapXMLRequest" name="validateSoapXML" time="7.525"/>
  <system-out/>
</testsuite> <!-- tests.SoapXMLRequest -->
