<?xml version="1.0" encoding="UTF-8"?>
<!-- Generated by org.testng.reporters.JUnitReportReporter -->
<testsuite hostname="FIS-497" failures="0" tests="1" name="tests.TestsOnLocalAPI" time="3.266" errors="0" timestamp="2023-08-07T10:52:57 EET" skipped="0">
  <testcase classname="tests.TestsOnLocalAPI" name="delete" time="3.266"/>
  <system-out/>
</testsuite> <!-- tests.TestsOnLocalAPI -->
