<?xml version="1.0" encoding="UTF-8"?>
<!-- Generated by org.testng.reporters.JUnitReportReporter -->
<testsuite hostname="FIS-497" failures="0" tests="1" name="tests.GetAndPostExamples" time="1.771" errors="0" timestamp="2023-08-14T12:43:41 EET" skipped="0">
  <testcase classname="tests.GetAndPostExamples" name="testPost" time="1.771"/>
  <system-out/>
</testsuite> <!-- tests.GetAndPostExamples -->
